<?xml version="1.0" encoding="UTF-8"?>
<!-- Generated by org.testng.reporters.JUnitXMLReporter -->
<testsuite ignored="1" hostname="DESKTOP-TSIB13E" failures="0" tests="1" name="Error Validation Test" time="2.831" errors="0" timestamp="2025-03-02T19:03:52 IST">
  <testcase classname="rahulshettyacademy.tests.ErrorvalidationsTest" name="loginErrorValidation" time="0.502"/>
  <testcase classname="rahulshettyacademy.tests.ErrorvalidationsTest" name="productErrorValidation" time="0.0">
    <ignored/>
  </testcase> <!-- productErrorValidation -->
</testsuite> <!-- Error Validation Test -->
