<?xml version="1.0" encoding="UTF-8"?>
<!-- Generated by org.testng.reporters.JUnitXMLReporter -->
<testsuite ignored="0" hostname="DESKTOP-TSIB13E" failures="0" tests="3" name="Error Validation Test" time="10.908" errors="0" timestamp="2025-03-09T10:49:06 IST">
  <testcase classname="rahulshettyacademy.tests.ErrorvalidationsTest" name="loginErrorValidation" time="0.569"/>
  <testcase classname="rahulshettyacademy.tests.SubmitOrderTest" name="submitOrder" time="3.827"/>
  <testcase classname="rahulshettyacademy.tests.ErrorvalidationsTest" name="productErrorValidation" time="2.963"/>
</testsuite> <!-- Error Validation Test -->
