<?xml version="1.0" encoding="UTF-8"?>
<!-- Generated by org.testng.reporters.JUnitReportReporter -->
<testsuite hostname="DESKTOP-TSIB13E" failures="0" tests="3" name="rahulshettyacademy.tests.SubmitOrderTest" time="20.672" errors="0" timestamp="2025-03-03T19:12:24 IST" skipped="0">
  <testcase classname="rahulshettyacademy.tests.SubmitOrderTest" name="orderHistoryTest" time="4.798"/>
  <system-out/>
  <testcase classname="rahulshettyacademy.tests.SubmitOrderTest" name="submitOrder" time="7.956"/>
  <system-out/>
  <testcase classname="rahulshettyacademy.tests.SubmitOrderTest" name="submitOrder" time="7.918"/>
  <system-out/>
</testsuite> <!-- rahulshettyacademy.tests.SubmitOrderTest -->
