<?xml version="1.0" encoding="UTF-8"?>
<!-- Generated by org.testng.reporters.JUnitReportReporter -->
<testsuite hostname="DESKTOP-TSIB13E" failures="0" tests="2" name="rahulshettyacademy.tests.ErrorvalidationsTest" time="15.006" errors="0" timestamp="2025-03-18T22:08:38 IST" skipped="0">
  <testcase classname="rahulshettyacademy.tests.ErrorvalidationsTest" name="loginErrorValidation" time="9.037"/>
  <system-out/>
  <testcase classname="rahulshettyacademy.tests.ErrorvalidationsTest" name="productErrorValidation" time="5.969"/>
  <system-out/>
</testsuite> <!-- rahulshettyacademy.tests.ErrorvalidationsTest -->
